2024-08-30 23:53:49,605 [INFO] Activator:176 - 


2024-08-30 23:53:49,616 [INFO] Activator:177 - !SESSION log4j initialized
2024-08-30 23:53:55,890 [INFO] LogOutputStream:77 - [STDOUT_REDIRECT] 
2024-08-30 23:53:57,431 [INFO] ApplicationProperties:184 - Using Application install path: C:\ST\STM32CubeIDE_1.16.0\STM32CubeIDE\plugins\com.st.stm32cube.common.mx_6.12.0.202406281431
2024-08-30 23:53:57,458 [INFO] DbMcusXml:78 - Set database path to: C:\ST\STM32CubeIDE_1.16.0\STM32CubeIDE\plugins\com.st.stm32cube.common.mx_6.12.0.202406281431\\db\/mcu/
2024-08-30 23:53:57,459 [INFO] ApiDb:274 - Set plugin database path to: C:\ST\STM32CubeIDE_1.16.0\STM32CubeIDE\plugins\com.st.stm32cube.common.mx_6.12.0.202406281431\\db\/plugins/boardmanager/
2024-08-30 23:53:57,459 [WARN] ApiDb:259 - Overriding images path with different value:  => C:\ST\STM32CubeIDE_1.16.0\STM32CubeIDE\plugins\com.st.stm32cube.common.mx_6.12.0.202406281431\\db\/plugins/mcufinder/images/
2024-08-30 23:53:57,470 [INFO] ApiDb:250 - Set database path to: C:\Users\lagoeirl\.stmcufinder\plugins\mcufinder//mcu/
2024-08-30 23:53:57,473 [INFO] DbMcusAds:125 - Set database path to: C:\Users\lagoeirl\.stmcufinder\plugins\mcufinder//mcu/
2024-08-30 23:53:57,476 [INFO] CrossReferenceDbSqlite:203 - Set database path to: C:\Users\lagoeirl\.stmcufinder\plugins\mcufinder//mcu/cs/
2024-08-30 23:53:57,628 [INFO] RulesReader:64 - Compatibility file has been processed (297 Rules)
2024-08-30 23:53:57,744 [INFO] DbMcusXml:78 - Set database path to: C:\ST\STM32CubeIDE_1.16.0\STM32CubeIDE\plugins\com.st.stm32cube.common.mx_6.12.0.202406281431\\db\/mcu/
2024-08-30 23:53:57,744 [INFO] ApiDb:274 - Set plugin database path to: C:\ST\STM32CubeIDE_1.16.0\STM32CubeIDE\plugins\com.st.stm32cube.common.mx_6.12.0.202406281431\\db\/plugins/boardmanager/
2024-08-30 23:53:57,745 [INFO] ApiDb:261 - Set plugin images path to: C:\ST\STM32CubeIDE_1.16.0\STM32CubeIDE\plugins\com.st.stm32cube.common.mx_6.12.0.202406281431\\db\/plugins/mcufinder/images/
2024-08-30 23:53:57,745 [WARN] DbFile:41 - Overriding database path with different value: C:\Users\lagoeirl\.stmcufinder\plugins\mcufinder/ => C:\Users\lagoeirl\.stmcufinder\plugins\mcufinder
2024-08-30 23:53:57,745 [INFO] ApiDb:250 - Set database path to: C:\Users\lagoeirl\.stmcufinder\plugins\mcufinder//mcu/
2024-08-30 23:53:57,745 [WARN] DbFile:41 - Overriding database path with different value: C:\Users\lagoeirl\.stmcufinder\plugins\mcufinder/ => C:\Users\lagoeirl\.stmcufinder\plugins\mcufinder
2024-08-30 23:53:57,745 [INFO] DbMcusAds:125 - Set database path to: C:\Users\lagoeirl\.stmcufinder\plugins\mcufinder//mcu/
2024-08-30 23:53:57,745 [WARN] DbFile:41 - Overriding database path with different value: C:\Users\lagoeirl\.stmcufinder\plugins\mcufinder/ => C:\Users\lagoeirl\.stmcufinder\plugins\mcufinder
2024-08-30 23:53:57,745 [WARN] DbFile:41 - Overriding database path with different value: C:\Users\lagoeirl\.stmcufinder\plugins\mcufinder/ => C:\Users\lagoeirl\.stmcufinder\plugins\mcufinder
2024-08-30 23:53:57,745 [INFO] CrossReferenceDbSqlite:203 - Set database path to: C:\Users\lagoeirl\.stmcufinder\plugins\mcufinder//mcu/cs/
2024-08-30 23:53:57,866 [INFO] MainPanel:268 - HeapMemory: 268435456
2024-08-30 23:53:58,020 [INFO] DbMcusXml:78 - Set database path to: C:\ST\STM32CubeIDE_1.16.0\STM32CubeIDE\plugins\com.st.stm32cube.common.mx_6.12.0.202406281431\\db\/mcu/
2024-08-30 23:53:58,021 [INFO] ApiDb:274 - Set plugin database path to: C:\ST\STM32CubeIDE_1.16.0\STM32CubeIDE\plugins\com.st.stm32cube.common.mx_6.12.0.202406281431\\db\/plugins/boardmanager/
2024-08-30 23:53:58,021 [INFO] ApiDb:261 - Set plugin images path to: C:\ST\STM32CubeIDE_1.16.0\STM32CubeIDE\plugins\com.st.stm32cube.common.mx_6.12.0.202406281431\\db\/plugins/mcufinder/images/
2024-08-30 23:53:58,021 [WARN] DbFile:41 - Overriding database path with different value: C:\Users\lagoeirl\.stmcufinder\plugins\mcufinder/ => C:\Users\lagoeirl\.stmcufinder\plugins\mcufinder
2024-08-30 23:53:58,021 [INFO] ApiDb:250 - Set database path to: C:\Users\lagoeirl\.stmcufinder\plugins\mcufinder//mcu/
2024-08-30 23:53:58,021 [WARN] DbFile:41 - Overriding database path with different value: C:\Users\lagoeirl\.stmcufinder\plugins\mcufinder/ => C:\Users\lagoeirl\.stmcufinder\plugins\mcufinder
2024-08-30 23:53:58,021 [INFO] DbMcusAds:125 - Set database path to: C:\Users\lagoeirl\.stmcufinder\plugins\mcufinder//mcu/
2024-08-30 23:53:58,022 [WARN] DbFile:41 - Overriding database path with different value: C:\Users\lagoeirl\.stmcufinder\plugins\mcufinder/ => C:\Users\lagoeirl\.stmcufinder\plugins\mcufinder
2024-08-30 23:53:58,022 [WARN] DbFile:41 - Overriding database path with different value: C:\Users\lagoeirl\.stmcufinder\plugins\mcufinder/ => C:\Users\lagoeirl\.stmcufinder\plugins\mcufinder
2024-08-30 23:53:58,022 [INFO] CrossReferenceDbSqlite:203 - Set database path to: C:\Users\lagoeirl\.stmcufinder\plugins\mcufinder//mcu/cs/
2024-08-30 23:53:58,049 [INFO] ApplicationProperties:184 - Using Application install path: C:\ST\STM32CubeIDE_1.16.0\STM32CubeIDE\plugins\com.st.stm32cube.common.mx_6.12.0.202406281431
2024-08-30 23:53:58,051 [INFO] PluginManage:196 - Search for loadable plugins [exclusion list=, ]
2024-08-30 23:53:58,054 [INFO] PluginManage:310 - Check plugin analytics
2024-08-30 23:53:58,277 [INFO] AnalyticsPlugin:253 - Accepted Software Licenses: STM32CubeMX.6.11.1
2024-08-30 23:53:58,278 [INFO] AnalyticsPlugin:255 - Accepted CMSIS Pack Licenses: STMicroelectronics.X-CUBE-MEMS1.10.0.0
2024-08-30 23:53:58,278 [INFO] AnalyticsPlugin:257 - Accepted Firmware Licenses: FW.H7.1.11.0,FW.L4.1.18.0,FW.U5.1.6.0
2024-08-30 23:53:58,282 [INFO] PluginManage:359 - Loaded plugin analytics (category:tool,tabindex:-1)
2024-08-30 23:53:58,282 [INFO] PluginManage:310 - Check plugin cadmodel
2024-08-30 23:53:58,291 [INFO] CADModel:105 - Init CAD model plugin
2024-08-30 23:53:58,291 [INFO] PluginManage:359 - Loaded plugin cadmodel (category:power,tabindex:5)
2024-08-30 23:53:58,292 [INFO] PluginManage:310 - Check plugin clock
2024-08-30 23:53:58,304 [INFO] PluginManage:359 - Loaded plugin clock (category:base,tabindex:2)
2024-08-30 23:53:58,305 [INFO] PluginManage:310 - Check plugin ddr
2024-08-30 23:53:58,308 [INFO] PluginManage:359 - Loaded plugin ddr (category:tool,tabindex:6)
2024-08-30 23:53:58,308 [INFO] PluginManage:310 - Check plugin filemanager
2024-08-30 23:53:58,488 [INFO] PluginManage:359 - Loaded plugin filemanager (category:base,tabindex:10)
2024-08-30 23:53:58,488 [INFO] PluginManage:310 - Check plugin ipmanager
2024-08-30 23:53:58,499 [INFO] PluginManage:359 - Loaded plugin ipmanager (category:base,tabindex:5)
2024-08-30 23:53:58,501 [INFO] PluginManage:310 - Check plugin lpbam
2024-08-30 23:53:58,513 [INFO] PluginManage:359 - Loaded plugin lpbam (category:base,tabindex:0)
2024-08-30 23:53:58,513 [INFO] PluginManage:310 - Check plugin memorymap
2024-08-30 23:53:58,533 [INFO] PluginManage:359 - Loaded plugin memorymap (category:base,tabindex:4)
2024-08-30 23:53:58,533 [INFO] PluginManage:310 - Check plugin pinoutandconfiguration
2024-08-30 23:53:58,543 [INFO] PluginManage:359 - Loaded plugin pinoutandconfiguration (category:base,tabindex:1)
2024-08-30 23:53:58,543 [INFO] PluginManage:310 - Check plugin pinoutconfig
2024-08-30 23:53:58,661 [WARN] SupportedApi:132 - Cannot load RTOS API schema: s4s-elt-must-match.1: The content of 'definitions' must match (annotation?, (simpleType | complexType)?, (unique | key | keyref)*)). A problem was found starting at: attribute.
2024-08-30 23:53:58,837 [INFO] PluginManage:359 - Loaded plugin pinoutconfig (category:base,tabindex:0)
2024-08-30 23:53:58,838 [INFO] PluginManage:310 - Check plugin power
2024-08-30 23:53:58,853 [INFO] PluginManage:359 - Loaded plugin power (category:power,tabindex:4)
2024-08-30 23:53:58,853 [INFO] PluginManage:310 - Check plugin projectmanager
2024-08-30 23:53:58,874 [INFO] PluginManage:359 - Loaded plugin projectmanager (category:projectmanager,tabindex:4)
2024-08-30 23:53:58,874 [INFO] PluginManage:310 - Check plugin rif
2024-08-30 23:53:58,881 [INFO] PluginManage:359 - Loaded plugin rif (category:base,tabindex:3)
2024-08-30 23:53:58,882 [INFO] PluginManage:310 - Check plugin thirdparty
2024-08-30 23:53:59,060 [INFO] PluginManage:359 - Loaded plugin thirdparty (category:base,tabindex:-1)
2024-08-30 23:53:59,060 [WARN] IntegrityCheckThread:84 - waiting for thirdparty lock release [integrity check]
2024-08-30 23:53:59,060 [INFO] PluginManage:310 - Check plugin tools
2024-08-30 23:53:59,060 [INFO] IntegrityCheckThread:86 - entering critical section [integrity check]
2024-08-30 23:53:59,061 [INFO] ThirdPartyUpdaterWithRetryManager:70 - Updater plugin not ready yet. [1/15]
2024-08-30 23:53:59,064 [INFO] PluginManage:359 - Loaded plugin tools (category:base,tabindex:7)
2024-08-30 23:53:59,064 [INFO] PluginManage:310 - Check plugin tutovideos
2024-08-30 23:53:59,287 [INFO] PluginManage:359 - Loaded plugin tutovideos (category:base,tabindex:-1)
2024-08-30 23:53:59,287 [INFO] PluginManage:310 - Check plugin updater
2024-08-30 23:53:59,309 [INFO] PluginManage:359 - Loaded plugin updater (category:base,tabindex:12)
2024-08-30 23:53:59,309 [INFO] PluginManage:310 - Check plugin userauth
2024-08-30 23:53:59,317 [INFO] UserAuth:113 - Init User Auth plugin
2024-08-30 23:53:59,317 [INFO] PluginManage:359 - Loaded plugin userauth (category:base,tabindex:14)
2024-08-30 23:53:59,317 [INFO] PluginManage:283 - PluginManage : Loaded plugins [18]
2024-08-30 23:53:59,624 [INFO] PinOutPanel:1561 - setPackage(No Configuration,No Configuration)
2024-08-30 23:53:59,765 [INFO] CADModel:165 - CPN selected for project level
2024-08-30 23:53:59,765 [INFO] CADModel:114 - Register for checkConnection events
2024-08-30 23:53:59,790 [INFO] IPUIPlugin:80 - create IPUIPlugin
2024-08-30 23:53:59,790 [INFO] PluginManager:220 - loadIPPluginJar : add adc
2024-08-30 23:53:59,794 [INFO] IPUIPlugin:80 - create IPUIPlugin
2024-08-30 23:53:59,794 [INFO] PluginManager:220 - loadIPPluginJar : add aes
2024-08-30 23:53:59,797 [INFO] IPUIPlugin:80 - create IPUIPlugin
2024-08-30 23:53:59,799 [INFO] PluginManager:220 - loadIPPluginJar : add can
2024-08-30 23:53:59,801 [INFO] IPUIPlugin:80 - create IPUIPlugin
2024-08-30 23:53:59,801 [INFO] PluginManager:220 - loadIPPluginJar : add comp
2024-08-30 23:53:59,804 [INFO] IPUIPlugin:80 - create IPUIPlugin
2024-08-30 23:53:59,805 [INFO] PluginManager:220 - loadIPPluginJar : add cryp
2024-08-30 23:53:59,809 [INFO] IPUIPlugin:80 - create IPUIPlugin
2024-08-30 23:53:59,809 [INFO] PluginManager:220 - loadIPPluginJar : add ddr_ctrl_phy
2024-08-30 23:53:59,813 [INFO] IPUIPlugin:80 - create IPUIPlugin
2024-08-30 23:53:59,813 [INFO] PluginManager:220 - loadIPPluginJar : add dfsdm
2024-08-30 23:53:59,820 [INFO] IPUIPlugin:80 - create IPUIPlugin
2024-08-30 23:53:59,820 [INFO] PluginManager:220 - loadIPPluginJar : add dma
2024-08-30 23:53:59,824 [INFO] IPUIPlugin:80 - create IPUIPlugin
2024-08-30 23:53:59,824 [INFO] PluginManager:220 - loadIPPluginJar : add dma3
2024-08-30 23:53:59,828 [INFO] IPUIPlugin:80 - create IPUIPlugin
2024-08-30 23:53:59,828 [INFO] PluginManager:220 - loadIPPluginJar : add extmemmanager
2024-08-30 23:53:59,830 [INFO] IPUIPlugin:80 - create IPUIPlugin
2024-08-30 23:53:59,830 [INFO] PluginManager:220 - loadIPPluginJar : add fatfs
2024-08-30 23:53:59,838 [INFO] IPUIPlugin:80 - create IPUIPlugin
2024-08-30 23:53:59,838 [INFO] PluginManager:220 - loadIPPluginJar : add fmc
2024-08-30 23:53:59,847 [INFO] IPUIPlugin:80 - create IPUIPlugin
2024-08-30 23:53:59,847 [INFO] PluginManager:220 - loadIPPluginJar : add freertos
2024-08-30 23:53:59,849 [INFO] IPUIPlugin:80 - create IPUIPlugin
2024-08-30 23:53:59,849 [INFO] PluginManager:220 - loadIPPluginJar : add genericplugin
2024-08-30 23:53:59,852 [INFO] IPUIPlugin:80 - create IPUIPlugin
2024-08-30 23:53:59,852 [INFO] PluginManager:220 - loadIPPluginJar : add gfxmmu
2024-08-30 23:53:59,859 [INFO] IPUIPlugin:80 - create IPUIPlugin
2024-08-30 23:53:59,860 [INFO] PluginManager:220 - loadIPPluginJar : add gic
2024-08-30 23:53:59,866 [INFO] IPUIPlugin:80 - create IPUIPlugin
2024-08-30 23:53:59,866 [INFO] PluginManager:220 - loadIPPluginJar : add gpio
2024-08-30 23:53:59,870 [INFO] IPUIPlugin:80 - create IPUIPlugin
2024-08-30 23:53:59,871 [INFO] PluginManager:220 - loadIPPluginJar : add gtzc
2024-08-30 23:53:59,874 [INFO] IPUIPlugin:80 - create IPUIPlugin
2024-08-30 23:53:59,875 [INFO] PluginManager:220 - loadIPPluginJar : add hash
2024-08-30 23:53:59,878 [INFO] IPUIPlugin:80 - create IPUIPlugin
2024-08-30 23:53:59,878 [INFO] PluginManager:220 - loadIPPluginJar : add i2c
2024-08-30 23:53:59,883 [INFO] IPUIPlugin:80 - create IPUIPlugin
2024-08-30 23:53:59,883 [INFO] PluginManager:220 - loadIPPluginJar : add i2s
2024-08-30 23:53:59,887 [INFO] IPUIPlugin:80 - create IPUIPlugin
2024-08-30 23:53:59,887 [INFO] PluginManager:220 - loadIPPluginJar : add i3c
2024-08-30 23:53:59,891 [INFO] IPUIPlugin:80 - create IPUIPlugin
2024-08-30 23:53:59,892 [INFO] PluginManager:220 - loadIPPluginJar : add ipddr
2024-08-30 23:53:59,901 [INFO] IPUIPlugin:80 - create IPUIPlugin
2024-08-30 23:53:59,901 [INFO] PluginManager:220 - loadIPPluginJar : add linkedlist
2024-08-30 23:53:59,905 [INFO] IPUIPlugin:80 - create IPUIPlugin
2024-08-30 23:53:59,905 [INFO] PluginManager:220 - loadIPPluginJar : add lorawan
2024-08-30 23:53:59,909 [INFO] IPUIPlugin:80 - create IPUIPlugin
2024-08-30 23:53:59,909 [INFO] PluginManager:220 - loadIPPluginJar : add ltdc
2024-08-30 23:53:59,916 [INFO] IPUIPlugin:80 - create IPUIPlugin
2024-08-30 23:53:59,917 [INFO] PluginManager:220 - loadIPPluginJar : add mdma
2024-08-30 23:53:59,922 [INFO] IPUIPlugin:80 - create IPUIPlugin
2024-08-30 23:53:59,922 [INFO] PluginManager:220 - loadIPPluginJar : add nvic
2024-08-30 23:53:59,926 [INFO] IPUIPlugin:80 - create IPUIPlugin
2024-08-30 23:53:59,926 [INFO] PluginManager:220 - loadIPPluginJar : add opamp
2024-08-30 23:53:59,930 [INFO] IPUIPlugin:80 - create IPUIPlugin
2024-08-30 23:53:59,932 [INFO] PluginManager:220 - loadIPPluginJar : add openamp
2024-08-30 23:53:59,937 [INFO] IPUIPlugin:80 - create IPUIPlugin
2024-08-30 23:53:59,937 [INFO] PluginManager:220 - loadIPPluginJar : add pdm2pcm
2024-08-30 23:53:59,945 [INFO] IPUIPlugin:80 - create IPUIPlugin
2024-08-30 23:53:59,947 [INFO] PluginManager:220 - loadIPPluginJar : add plateformsettings
2024-08-30 23:53:59,950 [INFO] IPUIPlugin:80 - create IPUIPlugin
2024-08-30 23:53:59,950 [INFO] PluginManager:220 - loadIPPluginJar : add quadspi
2024-08-30 23:53:59,954 [INFO] IPUIPlugin:80 - create IPUIPlugin
2024-08-30 23:53:59,955 [INFO] PluginManager:220 - loadIPPluginJar : add radio
2024-08-30 23:53:59,961 [INFO] IPUIPlugin:80 - create IPUIPlugin
2024-08-30 23:53:59,961 [INFO] PluginManager:220 - loadIPPluginJar : add resmgrutility
2024-08-30 23:53:59,964 [INFO] IPUIPlugin:80 - create IPUIPlugin
2024-08-30 23:53:59,964 [INFO] PluginManager:220 - loadIPPluginJar : add sai
2024-08-30 23:53:59,968 [INFO] IPUIPlugin:80 - create IPUIPlugin
2024-08-30 23:53:59,968 [INFO] PluginManager:220 - loadIPPluginJar : add spi
2024-08-30 23:53:59,975 [INFO] IPUIPlugin:80 - create IPUIPlugin
2024-08-30 23:53:59,975 [INFO] PluginManager:220 - loadIPPluginJar : add stm32_wpan
2024-08-30 23:53:59,977 [INFO] IPUIPlugin:80 - create IPUIPlugin
2024-08-30 23:53:59,978 [INFO] PluginManager:220 - loadIPPluginJar : add tim
2024-08-30 23:53:59,982 [INFO] IPUIPlugin:80 - create IPUIPlugin
2024-08-30 23:53:59,982 [INFO] PluginManager:220 - loadIPPluginJar : add touchsensing
2024-08-30 23:53:59,985 [INFO] IPUIPlugin:80 - create IPUIPlugin
2024-08-30 23:53:59,985 [INFO] PluginManager:220 - loadIPPluginJar : add tracer_emb
2024-08-30 23:53:59,987 [INFO] IPUIPlugin:80 - create IPUIPlugin
2024-08-30 23:53:59,987 [INFO] PluginManager:220 - loadIPPluginJar : add ts
2024-08-30 23:53:59,990 [INFO] IPUIPlugin:80 - create IPUIPlugin
2024-08-30 23:53:59,990 [INFO] PluginManager:220 - loadIPPluginJar : add tsc
2024-08-30 23:53:59,993 [INFO] IPUIPlugin:80 - create IPUIPlugin
2024-08-30 23:53:59,993 [INFO] PluginManager:220 - loadIPPluginJar : add ucpd
2024-08-30 23:53:59,996 [INFO] IPUIPlugin:80 - create IPUIPlugin
2024-08-30 23:53:59,996 [INFO] PluginManager:220 - loadIPPluginJar : add usart
2024-08-30 23:54:00,000 [INFO] IPUIPlugin:80 - create IPUIPlugin
2024-08-30 23:54:00,000 [INFO] PluginManager:220 - loadIPPluginJar : add usbx
2024-08-30 23:54:00,147 [INFO] CADModel:165 - CPN selected for project level
2024-08-30 23:54:00,148 [INFO] CADModel:114 - Register for checkConnection events
2024-08-30 23:54:00,148 [FATAL] Updater:334 - Updater called before beeing initialized
2024-08-30 23:54:00,148 [ERROR] CADModel:125 - Updater not yet initialized, retry later 
2024-08-30 23:54:00,325 [INFO] CADModel:165 - CPN selected for project level
2024-08-30 23:54:00,325 [INFO] CADModel:114 - Register for checkConnection events
2024-08-30 23:54:00,325 [FATAL] Updater:334 - Updater called before beeing initialized
2024-08-30 23:54:00,325 [ERROR] CADModel:125 - Updater not yet initialized, retry later 
2024-08-30 23:54:00,330 [FATAL] Updater:334 - Updater called before beeing initialized
2024-08-30 23:54:00,464 [FATAL] Updater:334 - Updater called before beeing initialized
2024-08-30 23:54:00,470 [INFO] DbMcusAds:53 - JSON generation date=Thu May 16 06:22:00 BRT 2024 (1715851320667)
2024-08-30 23:54:00,471 [FATAL] Updater:334 - Updater called before beeing initialized
2024-08-30 23:54:00,517 [WARN] DetailPanel:346 - Failed to get advertising image, set to default
2024-08-30 23:54:00,638 [FATAL] Updater:334 - Updater called before beeing initialized
2024-08-30 23:54:00,640 [FATAL] Updater:334 - Updater called before beeing initialized
2024-08-30 23:54:00,640 [FATAL] Updater:334 - Updater called before beeing initialized
2024-08-30 23:54:00,640 [WARN] DetailPanel:346 - Failed to get advertising image, set to default
2024-08-30 23:54:00,642 [FATAL] Updater:334 - Updater called before beeing initialized
2024-08-30 23:54:00,697 [ERROR] Updater:1164 - MainUpdater not yet initialized. External WinMGr cannot be set.
2024-08-30 23:54:00,702 [INFO] Updater:1100 - Updater Version found : 6.12.0
2024-08-30 23:54:00,729 [INFO] ApplicationProperties:184 - Using Application install path: C:\ST\STM32CubeIDE_1.16.0\STM32CubeIDE\plugins\com.st.stm32cube.common.mx_6.12.0.202406281431
2024-08-30 23:54:02,065 [INFO] ThirdPartyUpdaterWithRetryManager:70 - Updater plugin not ready yet. [2/15]
2024-08-30 23:54:02,349 [ERROR] LogOutputStream:75 - [STDERR_REDIRECT] Aug 30, 2024 11:54:02 PM java.util.prefs.WindowsPreferences <init>
2024-08-30 23:54:02,350 [ERROR] LogOutputStream:75 - [STDERR_REDIRECT] WARNING: Could not open/create prefs root node Software\JavaSoft\Prefs at root 0xffffffff80000002. Windows RegCreateKeyEx(...) returned error code 5.
2024-08-30 23:54:02,351 [ERROR] LogOutputStream:75 - [STDERR_REDIRECT] 
2024-08-30 23:54:02,756 [INFO] MainUpdater:2873 - connection check result : 10
2024-08-30 23:54:02,756 [INFO] MainUpdater:3567 - Updater definition file requires update
2024-08-30 23:54:02,757 [INFO] MainUpdater:290 - Updater Check For Update Now.
2024-08-30 23:54:02,758 [INFO] MicroXplorer:498 - Change Database Version : DB.6.0.120
2024-08-30 23:54:02,766 [INFO] McuFinderGlobals:63 - Set McuFinder mode to 2 (CubeIDE integrated)
2024-08-30 23:54:02,767 [INFO] UserAuth:417 - Internet connection configuration mode: 1
2024-08-30 23:54:02,789 [INFO] JxBrowserEngine:152 - Initiate JxBrowser Engine with user profile folder
2024-08-30 23:54:02,831 [INFO] ServerAccessManage:473 - Download File updaters.zip
2024-08-30 23:54:02,910 [INFO] FileExtend:240 - Unzip File : updaters.zip
2024-08-30 23:54:02,911 [INFO] FileExtend:255 - Standard Zip Deflate
2024-08-30 23:54:03,839 [INFO] ServerAccessManage:473 - Download File PacksControlFlags.xml
2024-08-30 23:54:03,925 [INFO] ServerAccessManage:473 - Download File cubemx.pidx
2024-08-30 23:54:04,087 [INFO] LoadServerUpdatesThread:375 - End of LoadServerUpdate Thread
2024-08-30 23:54:04,296 [INFO] CheckServerUpdateThread:120 - End of CheckServer Thread
2024-08-30 23:54:04,609 [INFO] WebApp:167 - Instantiating new browser for Auth
2024-08-30 23:54:05,755 [WARN] PackLoader:240 - Cannot read IP mode file for STMicroelectronics.X-CUBE-SMBUS.2.1.0
2024-08-30 23:54:05,887 [WARN] PackLoader:240 - Cannot read IP mode file for STMicroelectronics.X-CUBE-AZRTOS-F7.1.1.0
2024-08-30 23:54:06,171 [WARN] PackLoader:240 - Cannot read IP mode file for STMicroelectronics.X-CUBE-MEMS1.11.0.0
2024-08-30 23:54:06,577 [WARN] PackLoader:240 - Cannot read IP mode file for STMicroelectronics.FP-SNS-FLIGHT1.5.0.2
2024-08-30 23:54:06,599 [WARN] PackLoader:240 - Cannot read IP mode file for STMicroelectronics.X-CUBE-DISPLAY.3.0.0
2024-08-30 23:54:06,620 [WARN] PackLoader:240 - Cannot read IP mode file for STMicroelectronics.X-CUBE-BLE1.7.0.0
2024-08-30 23:54:06,638 [WARN] PackLoader:240 - Cannot read IP mode file for emotas.I-CUBE-CANOPEN.1.3.0
2024-08-30 23:54:06,667 [WARN] PackLoader:240 - Cannot read IP mode file for STMicroelectronics.X-CUBE-BLEMGR.3.1.0
2024-08-30 23:54:06,766 [WARN] PackLoader:240 - Cannot read IP mode file for STMicroelectronics.FP-SNS-SMARTAG2.1.2.0
2024-08-30 23:54:06,786 [INFO] LogOutputStream:77 - [STDOUT_REDIRECT] 1 : Invalid condition id : UX_CORESTACK_Condition cause : null
2024-08-30 23:54:06,791 [INFO] LogOutputStream:77 - [STDOUT_REDIRECT] 1 : Invalid condition id : UX_CORESTACK_Condition cause : null
2024-08-30 23:54:06,796 [INFO] LogOutputStream:77 - [STDOUT_REDIRECT] 1 : Invalid condition id : UX_CORESTACK_Condition cause : null
2024-08-30 23:54:06,798 [INFO] LogOutputStream:77 - [STDOUT_REDIRECT] 1 : Invalid condition id : UX_CORESTACK_Condition cause : null
2024-08-30 23:54:06,800 [INFO] LogOutputStream:77 - [STDOUT_REDIRECT] 1 : Invalid condition id : UX_CORESTACK_Condition cause : null
2024-08-30 23:54:06,806 [WARN] PackLoader:240 - Cannot read IP mode file for STMicroelectronics.X-CUBE-AZRTOS-WL.2.0.0
2024-08-30 23:54:06,820 [WARN] PackLoader:240 - Cannot read IP mode file for wolfSSL.I-CUBE-wolfMQTT.1.19.0
2024-08-30 23:54:06,837 [WARN] PackLoader:240 - Cannot read IP mode file for WES.I-CUBE-Cesium.1.3.0
2024-08-30 23:54:06,848 [WARN] PackLoader:240 - Cannot read IP mode file for STMicroelectronics.X-CUBE-BLE2.3.3.0
2024-08-30 23:54:06,883 [WARN] PackLoader:240 - Cannot read IP mode file for STMicroelectronics.X-CUBE-AZRTOS-G0.1.1.0
2024-08-30 23:54:06,909 [WARN] PackLoader:240 - Cannot read IP mode file for STMicroelectronics.X-CUBE-NFC4.3.0.0
2024-08-30 23:54:06,938 [WARN] PackLoader:240 - Cannot read IP mode file for EmbeddedOffice.I-CUBE-FS-RTOS.1.0.1
2024-08-30 23:54:06,939 [ERROR] ConditionMgr:805 - Attr not supported : Dmpu
2024-08-30 23:54:06,940 [ERROR] ConditionMgr:805 - Attr not supported : Dmpu
2024-08-30 23:54:06,940 [ERROR] ConditionMgr:805 - Attr not supported : Dmpu
2024-08-30 23:54:06,940 [ERROR] ConditionMgr:805 - Attr not supported : Dmpu
2024-08-30 23:54:06,940 [ERROR] ConditionMgr:805 - Attr not supported : Dmpu
2024-08-30 23:54:06,940 [ERROR] ConditionMgr:805 - Attr not supported : Dmpu
2024-08-30 23:54:06,941 [ERROR] ConditionMgr:805 - Attr not supported : Dmpu
2024-08-30 23:54:06,941 [ERROR] ConditionMgr:805 - Attr not supported : Dmpu
2024-08-30 23:54:06,941 [ERROR] ConditionMgr:805 - Attr not supported : Dmpu
2024-08-30 23:54:06,941 [ERROR] ConditionMgr:805 - Attr not supported : Dmpu
2024-08-30 23:54:06,942 [ERROR] ConditionMgr:805 - Attr not supported : Dmpu
2024-08-30 23:54:06,942 [ERROR] ConditionMgr:805 - Attr not supported : Dmpu
2024-08-30 23:54:06,943 [ERROR] ConditionMgr:805 - Attr not supported : Dmpu
2024-08-30 23:54:06,943 [ERROR] ConditionMgr:805 - Attr not supported : Dmpu
2024-08-30 23:54:06,943 [ERROR] ConditionMgr:805 - Attr not supported : Dmpu
2024-08-30 23:54:06,943 [ERROR] ConditionMgr:805 - Attr not supported : Dmpu
2024-08-30 23:54:06,943 [ERROR] ConditionMgr:805 - Attr not supported : Dmpu
2024-08-30 23:54:06,943 [ERROR] ConditionMgr:805 - Attr not supported : Dmpu
2024-08-30 23:54:06,943 [ERROR] ConditionMgr:805 - Attr not supported : Dmpu
2024-08-30 23:54:06,944 [ERROR] ConditionMgr:805 - Attr not supported : Dmpu
2024-08-30 23:54:06,944 [ERROR] ConditionMgr:805 - Attr not supported : Dmpu
2024-08-30 23:54:06,944 [ERROR] ConditionMgr:805 - Attr not supported : Dmpu
2024-08-30 23:54:06,944 [ERROR] ConditionMgr:805 - Attr not supported : Dmpu
2024-08-30 23:54:06,944 [ERROR] ConditionMgr:805 - Attr not supported : Dmpu
2024-08-30 23:54:06,944 [ERROR] ConditionMgr:805 - Attr not supported : Dmpu
2024-08-30 23:54:06,944 [ERROR] ConditionMgr:805 - Attr not supported : Dmpu
2024-08-30 23:54:06,944 [ERROR] ConditionMgr:805 - Attr not supported : Dmpu
2024-08-30 23:54:06,944 [ERROR] ConditionMgr:805 - Attr not supported : Dmpu
2024-08-30 23:54:06,945 [ERROR] ConditionMgr:805 - Attr not supported : Dmpu
2024-08-30 23:54:06,946 [ERROR] ConditionMgr:805 - Attr not supported : Dmpu
2024-08-30 23:54:06,946 [ERROR] ConditionMgr:805 - Attr not supported : Dmpu
2024-08-30 23:54:06,946 [ERROR] ConditionMgr:805 - Attr not supported : Dmpu
2024-08-30 23:54:06,946 [ERROR] ConditionMgr:805 - Attr not supported : Dmpu
2024-08-30 23:54:06,946 [ERROR] ConditionMgr:805 - Attr not supported : Dmpu
2024-08-30 23:54:06,946 [ERROR] ConditionMgr:805 - Attr not supported : Dmpu
2024-08-30 23:54:06,946 [ERROR] ConditionMgr:805 - Attr not supported : Dmpu
2024-08-30 23:54:06,947 [ERROR] ConditionMgr:805 - Attr not supported : Dmpu
2024-08-30 23:54:06,947 [ERROR] ConditionMgr:805 - Attr not supported : Dmpu
2024-08-30 23:54:06,947 [ERROR] ConditionMgr:805 - Attr not supported : Dmpu
2024-08-30 23:54:06,947 [ERROR] ConditionMgr:805 - Attr not supported : Dmpu
2024-08-30 23:54:06,947 [ERROR] ConditionMgr:805 - Attr not supported : Dmpu
2024-08-30 23:54:06,947 [ERROR] ConditionMgr:805 - Attr not supported : Dmpu
2024-08-30 23:54:06,948 [ERROR] ConditionMgr:805 - Attr not supported : Dmpu
2024-08-30 23:54:06,948 [ERROR] ConditionMgr:805 - Attr not supported : Dmpu
2024-08-30 23:54:06,948 [ERROR] ConditionMgr:805 - Attr not supported : Dmpu
2024-08-30 23:54:06,948 [ERROR] ConditionMgr:805 - Attr not supported : Dmpu
2024-08-30 23:54:06,948 [ERROR] ConditionMgr:805 - Attr not supported : Dmpu
2024-08-30 23:54:06,948 [ERROR] ConditionMgr:805 - Attr not supported : Dmpu
2024-08-30 23:54:06,948 [ERROR] ConditionMgr:805 - Attr not supported : Dmpu
2024-08-30 23:54:06,948 [ERROR] ConditionMgr:805 - Attr not supported : Dmpu
2024-08-30 23:54:06,949 [ERROR] ConditionMgr:805 - Attr not supported : Dmpu
2024-08-30 23:54:06,949 [ERROR] ConditionMgr:805 - Attr not supported : Dmpu
2024-08-30 23:54:06,949 [ERROR] ConditionMgr:805 - Attr not supported : Dmpu
2024-08-30 23:54:06,949 [ERROR] ConditionMgr:805 - Attr not supported : Dmpu
2024-08-30 23:54:06,949 [ERROR] ConditionMgr:805 - Attr not supported : Dmpu
2024-08-30 23:54:06,949 [ERROR] ConditionMgr:805 - Attr not supported : Dmpu
2024-08-30 23:54:06,949 [ERROR] ConditionMgr:805 - Attr not supported : Dmpu
2024-08-30 23:54:06,949 [ERROR] ConditionMgr:805 - Attr not supported : Dmpu
2024-08-30 23:54:06,950 [ERROR] ConditionMgr:805 - Attr not supported : Dmpu
2024-08-30 23:54:06,950 [ERROR] ConditionMgr:805 - Attr not supported : Dmpu
2024-08-30 23:54:06,950 [ERROR] ConditionMgr:805 - Attr not supported : Dmpu
2024-08-30 23:54:06,950 [ERROR] ConditionMgr:805 - Attr not supported : Dmpu
2024-08-30 23:54:06,950 [ERROR] ConditionMgr:805 - Attr not supported : Dmpu
2024-08-30 23:54:06,950 [ERROR] ConditionMgr:805 - Attr not supported : Dmpu
2024-08-30 23:54:06,964 [WARN] PackLoader:240 - Cannot read IP mode file for RealThread.X-CUBE-RT-Thread_Nano.4.1.1
2024-08-30 23:54:06,974 [WARN] PackLoader:240 - Cannot read IP mode file for STMicroelectronics.FP-ATR-SIGFOX1.3.2.0
2024-08-30 23:54:06,988 [WARN] PackLoader:240 - Cannot read IP mode file for STMicroelectronics.X-CUBE-EEPRMA1.5.1.0
2024-08-30 23:54:07,006 [WARN] PackLoader:240 - Cannot read IP mode file for ITTIA_DB.I-CUBE-ITTIADB.8.9.0
2024-08-30 23:54:07,081 [WARN] PackLoader:240 - Cannot read IP mode file for SEGGER.I-CUBE-embOS.1.3.1
2024-08-30 23:54:07,155 [WARN] PackLoader:240 - Cannot read IP mode file for STMicroelectronics.X-CUBE-GNSS1.6.0.0
2024-08-30 23:54:07,160 [INFO] WebApp:448 - Apply proxy settings
2024-08-30 23:54:07,161 [INFO] WebApp:533 - Chromium requires no authentication
2024-08-30 23:54:07,187 [INFO] WebApp:476 - Direct internet connection detected
2024-08-30 23:54:07,189 [WARN] PackLoader:240 - Cannot read IP mode file for STMicroelectronics.X-CUBE-AZRTOS-F4.1.1.0
2024-08-30 23:54:07,222 [WARN] PackLoader:240 - Cannot read IP mode file for STMicroelectronics.X-CUBE-AZRTOS-L5.2.0.0
2024-08-30 23:54:07,236 [WARN] PackLoader:240 - Cannot read IP mode file for STMicroelectronics.X-CUBE-AI.9.0.0
2024-08-30 23:54:07,249 [WARN] PackLoader:240 - Cannot read IP mode file for STMicroelectronics.X-CUBE-NFC7.1.0.1
2024-08-30 23:54:07,260 [WARN] PackLoader:240 - Cannot read IP mode file for wolfSSL.I-CUBE-wolfTPM.3.2.0
2024-08-30 23:54:07,261 [INFO] WebApp:869 - Register for checkConnection events
2024-08-30 23:54:07,261 [INFO] WebApp:448 - Apply proxy settings
2024-08-30 23:54:07,261 [INFO] WebApp:533 - Chromium requires no authentication
2024-08-30 23:54:07,263 [INFO] WebApp:476 - Direct internet connection detected
2024-08-30 23:54:07,291 [WARN] ConditionMgr:438 - getConditionDescription Invalid condition id : LAN8742 Phy interface Condition cause : null
2024-08-30 23:54:07,292 [WARN] PackLoader:240 - Cannot read IP mode file for STMicroelectronics.X-CUBE-AZRTOS-L4.2.0.0
2024-08-30 23:54:07,294 [WARN] ConditionMgr:1039 - genDependencies : Invalid condition id : LAN8742 Phy interface Condition cause : null
2024-08-30 23:54:07,295 [WARN] ConditionMgr:1039 - genDependencies : Invalid condition id : LAN8742 Phy interface Condition cause : null
2024-08-30 23:54:07,295 [WARN] ConditionMgr:1039 - genDependencies : Invalid condition id : LAN8742 Phy interface Condition cause : null
2024-08-30 23:54:07,312 [WARN] PackLoader:240 - Cannot read IP mode file for STMicroelectronics.X-CUBE-SFXS2LP1.4.0.0
2024-08-30 23:54:07,347 [WARN] PackLoader:240 - Cannot read IP mode file for STMicroelectronics.X-CUBE-AZRTOS-H7.3.3.0
2024-08-30 23:54:07,423 [WARN] ConditionMgr:438 - getConditionDescription Invalid condition id : UX DEVICE CLASS RTOS Condition cause : null
2024-08-30 23:54:07,424 [WARN] ConditionMgr:438 - getConditionDescription Invalid condition id : UX DEVICE CLASS RTOS Condition cause : null
2024-08-30 23:54:07,434 [WARN] PackLoader:240 - Cannot read IP mode file for STMicroelectronics.X-CUBE-AZRTOS-WB.2.0.0
2024-08-30 23:54:07,435 [WARN] ConditionMgr:1039 - genDependencies : Invalid condition id : UX DEVICE CLASS RTOS Condition cause : null
2024-08-30 23:54:07,436 [WARN] ConditionMgr:1039 - genDependencies : Invalid condition id : UX DEVICE CLASS RTOS Condition cause : null
2024-08-30 23:54:07,438 [WARN] ConditionMgr:1039 - genDependencies : Invalid condition id : UX DEVICE CLASS RTOS Condition cause : null
2024-08-30 23:54:07,439 [WARN] ConditionMgr:1039 - genDependencies : Invalid condition id : UX DEVICE CLASS RTOS Condition cause : null
2024-08-30 23:54:07,439 [WARN] ConditionMgr:1039 - genDependencies : Invalid condition id : UX DEVICE CLASS RTOS Condition cause : null
2024-08-30 23:54:07,486 [WARN] PackLoader:240 - Cannot read IP mode file for STMicroelectronics.X-CUBE-SUBG2.5.0.0
2024-08-30 23:54:07,526 [WARN] PackLoader:240 - Cannot read IP mode file for Cesanta.I-CUBE-Mongoose.7.13.0
2024-08-30 23:54:07,590 [WARN] PackLoader:240 - Cannot read IP mode file for STMicroelectronics.X-CUBE-AZRTOS-G4.2.0.0
2024-08-30 23:54:07,611 [WARN] PackLoader:240 - Cannot read IP mode file for STMicroelectronics.X-CUBE-ISPU.2.0.0
2024-08-30 23:54:07,732 [WARN] PackLoader:240 - Cannot read IP mode file for STMicroelectronics.X-CUBE-MEMS1.10.0.0
2024-08-30 23:54:08,013 [INFO] WebApp:186 - Connection restablished
2024-08-30 23:54:08,087 [INFO] WebApp:220 - Starting web application
2024-08-30 23:54:08,088 [INFO] WebApp:578 - Web application path used C:\ST\STM32CubeIDE_1.16.0\STM32CubeIDE\plugins\com.st.stm32cube.common.mx_6.12.0.202406281431\db\plugins\mcufinder\reactClient1\index.html
2024-08-30 23:54:08,900 [WARN] PackLoader:240 - Cannot read IP mode file for portGmbH.I-Cube-SoM-uGOAL.1.1.0
2024-08-30 23:54:08,912 [WARN] PackLoader:240 - Cannot read IP mode file for STMicroelectronics.FP-ATR-ASTRA1.2.0.0
2024-08-30 23:54:08,946 [WARN] PackLoader:240 - Cannot read IP mode file for Infineon.AIROC-Wi-Fi-Bluetooth-STM32.1.6.1
2024-08-30 23:54:08,950 [INFO] UserAuth:417 - Internet connection configuration mode: 1
2024-08-30 23:54:08,994 [WARN] PackLoader:240 - Cannot read IP mode file for STMicroelectronics.X-CUBE-AZRTOS-H7.3.2.0
2024-08-30 23:54:09,013 [WARN] PackLoader:240 - Cannot read IP mode file for wolfSSL.I-CUBE-wolfSSH.1.4.17
2024-08-30 23:54:09,015 [INFO] ThirdParty:978 - Integrity check success = true
2024-08-30 23:54:09,015 [INFO] IntegrityCheckThread:100 - exiting critical section [integrity check]
2024-08-30 23:54:09,015 [INFO] IntegrityCheckThread:103 - End integrity checks thread
